<?xml version="1.0" encoding="UTF-8"?>
<testsuite name="com.github.namhokim.packager.PackagerApplicationTests" tests="1" skipped="0" failures="0" errors="0" timestamp="2021-09-18T09:25:47" hostname="early-2019-namo" time="0.263">
  <properties/>
  <testcase name="contextLoads()" classname="com.github.namhokim.packager.PackagerApplicationTests" time="0.263"/>
  <system-out><![CDATA[18:25:46.582 [Test worker] DEBUG org.springframework.test.context.BootstrapUtils - Instantiating CacheAwareContextLoaderDelegate from class [org.springframework.test.context.cache.DefaultCacheAwareContextLoaderDelegate]
18:25:46.592 [Test worker] DEBUG org.springframework.test.context.BootstrapUtils - Instantiating BootstrapContext using constructor [public org.springframework.test.context.support.DefaultBootstrapContext(java.lang.Class,org.springframework.test.context.CacheAwareContextLoaderDelegate)]
18:25:46.618 [Test worker] DEBUG org.springframework.test.context.BootstrapUtils - Instantiating TestContextBootstrapper for test class [com.github.namhokim.packager.PackagerApplicationTests] from class [org.springframework.boot.test.context.SpringBootTestContextBootstrapper]
18:25:46.628 [Test worker] INFO org.springframework.boot.test.context.SpringBootTestContextBootstrapper - Neither @ContextConfiguration nor @ContextHierarchy found for test class [com.github.namhokim.packager.PackagerApplicationTests], using SpringBootContextLoader
18:25:46.631 [Test worker] DEBUG org.springframework.test.context.support.AbstractContextLoader - Did not detect default resource location for test class [com.github.namhokim.packager.PackagerApplicationTests]: class path resource [com/github/namhokim/packager/PackagerApplicationTests-context.xml] does not exist
18:25:46.632 [Test worker] DEBUG org.springframework.test.context.support.AbstractContextLoader - Did not detect default resource location for test class [com.github.namhokim.packager.PackagerApplicationTests]: class path resource [com/github/namhokim/packager/PackagerApplicationTestsContext.groovy] does not exist
18:25:46.632 [Test worker] INFO org.springframework.test.context.support.AbstractContextLoader - Could not detect default resource locations for test class [com.github.namhokim.packager.PackagerApplicationTests]: no resource found for suffixes {-context.xml, Context.groovy}.
18:25:46.632 [Test worker] INFO org.springframework.test.context.support.AnnotationConfigContextLoaderUtils - Could not detect default configuration classes for test class [com.github.namhokim.packager.PackagerApplicationTests]: PackagerApplicationTests does not declare any static, non-private, non-final, nested classes annotated with @Configuration.
18:25:46.659 [Test worker] DEBUG org.springframework.test.context.support.ActiveProfilesUtils - Could not find an 'annotation declaring class' for annotation type [org.springframework.test.context.ActiveProfiles] and class [com.github.namhokim.packager.PackagerApplicationTests]
18:25:46.701 [Test worker] DEBUG org.springframework.context.annotation.ClassPathScanningCandidateComponentProvider - Identified candidate component class: file [/Users/namo/Documents/GitHub/red-week-tableware/packager/build/classes/java/main/com/github/namhokim/packager/PackagerApplication.class]
18:25:46.701 [Test worker] INFO org.springframework.boot.test.context.SpringBootTestContextBootstrapper - Found @SpringBootConfiguration com.github.namhokim.packager.PackagerApplication for test class com.github.namhokim.packager.PackagerApplicationTests
18:25:46.767 [Test worker] DEBUG org.springframework.boot.test.context.SpringBootTestContextBootstrapper - @TestExecutionListeners is not present for class [com.github.namhokim.packager.PackagerApplicationTests]: using defaults.
18:25:46.767 [Test worker] INFO org.springframework.boot.test.context.SpringBootTestContextBootstrapper - Loaded default TestExecutionListener class names from location [META-INF/spring.factories]: [org.springframework.boot.test.autoconfigure.restdocs.RestDocsTestExecutionListener, org.springframework.boot.test.autoconfigure.web.client.MockRestServiceServerResetTestExecutionListener, org.springframework.boot.test.autoconfigure.web.servlet.MockMvcPrintOnlyOnFailureTestExecutionListener, org.springframework.boot.test.autoconfigure.web.servlet.WebDriverTestExecutionListener, org.springframework.boot.test.autoconfigure.webservices.client.MockWebServiceServerTestExecutionListener, org.springframework.boot.test.mock.mockito.MockitoTestExecutionListener, org.springframework.boot.test.mock.mockito.ResetMocksTestExecutionListener, org.springframework.test.context.web.ServletTestExecutionListener, org.springframework.test.context.support.DirtiesContextBeforeModesTestExecutionListener, org.springframework.test.context.event.ApplicationEventsTestExecutionListener, org.springframework.test.context.support.DependencyInjectionTestExecutionListener, org.springframework.test.context.support.DirtiesContextTestExecutionListener, org.springframework.test.context.transaction.TransactionalTestExecutionListener, org.springframework.test.context.jdbc.SqlScriptsTestExecutionListener, org.springframework.test.context.event.EventPublishingTestExecutionListener]
18:25:46.776 [Test worker] DEBUG org.springframework.boot.test.context.SpringBootTestContextBootstrapper - Skipping candidate TestExecutionListener [org.springframework.test.context.transaction.TransactionalTestExecutionListener] due to a missing dependency. Specify custom listener classes or make the default listener classes and their required dependencies available. Offending class: [org/springframework/transaction/TransactionDefinition]
18:25:46.776 [Test worker] DEBUG org.springframework.boot.test.context.SpringBootTestContextBootstrapper - Skipping candidate TestExecutionListener [org.springframework.test.context.jdbc.SqlScriptsTestExecutionListener] due to a missing dependency. Specify custom listener classes or make the default listener classes and their required dependencies available. Offending class: [org/springframework/transaction/interceptor/TransactionAttribute]
18:25:46.776 [Test worker] INFO org.springframework.boot.test.context.SpringBootTestContextBootstrapper - Using TestExecutionListeners: [org.springframework.test.context.web.ServletTestExecutionListener@34af15f7, org.springframework.test.context.support.DirtiesContextBeforeModesTestExecutionListener@22620f9e, org.springframework.test.context.event.ApplicationEventsTestExecutionListener@1d088621, org.springframework.boot.test.mock.mockito.MockitoTestExecutionListener@474866f7, org.springframework.boot.test.autoconfigure.SpringBootDependencyInjectionTestExecutionListener@b84c344, org.springframework.test.context.support.DirtiesContextTestExecutionListener@39a83355, org.springframework.test.context.event.EventPublishingTestExecutionListener@60c893cf, org.springframework.boot.test.autoconfigure.restdocs.RestDocsTestExecutionListener@64b32eff, org.springframework.boot.test.autoconfigure.web.client.MockRestServiceServerResetTestExecutionListener@49804fce, org.springframework.boot.test.autoconfigure.web.servlet.MockMvcPrintOnlyOnFailureTestExecutionListener@314aef30, org.springframework.boot.test.autoconfigure.web.servlet.WebDriverTestExecutionListener@15b8443d, org.springframework.boot.test.autoconfigure.webservices.client.MockWebServiceServerTestExecutionListener@680154a3, org.springframework.boot.test.mock.mockito.ResetMocksTestExecutionListener@23b49852]
18:25:46.779 [Test worker] DEBUG org.springframework.test.context.support.AbstractDirtiesContextTestExecutionListener - Before test class: context [DefaultTestContext@1b0cb61e testClass = PackagerApplicationTests, testInstance = [null], testMethod = [null], testException = [null], mergedContextConfiguration = [WebMergedContextConfiguration@5bf9eb8e testClass = PackagerApplicationTests, locations = '{}', classes = '{class com.github.namhokim.packager.PackagerApplication}', contextInitializerClasses = '[]', activeProfiles = '{}', propertySourceLocations = '{}', propertySourceProperties = '{org.springframework.boot.test.context.SpringBootTestContextBootstrapper=true}', contextCustomizers = set[org.springframework.boot.test.autoconfigure.actuate.metrics.MetricsExportContextCustomizerFactory$DisableMetricExportContextCustomizer@55238fd9, org.springframework.boot.test.autoconfigure.properties.PropertyMappingContextCustomizer@0, org.springframework.boot.test.autoconfigure.web.servlet.WebDriverContextCustomizerFactory$Customizer@6b843f7c, org.springframework.boot.test.context.filter.ExcludeFilterContextCustomizer@4ce7428, org.springframework.boot.test.json.DuplicateJsonObjectContextCustomizerFactory$DuplicateJsonObjectContextCustomizer@3d94435d, org.springframework.boot.test.mock.mockito.MockitoContextCustomizer@0, org.springframework.boot.test.web.client.TestRestTemplateContextCustomizer@3a0c334a, org.springframework.boot.test.context.SpringBootTestArgs@1, org.springframework.boot.test.context.SpringBootTestWebEnvironment@5054562b], resourceBasePath = 'src/main/webapp', contextLoader = 'org.springframework.boot.test.context.SpringBootContextLoader', parent = [null]], attributes = map['org.springframework.test.context.web.ServletTestExecutionListener.activateListener' -> true]], class annotated with @DirtiesContext [false] with mode [null].
18:25:46.799 [Test worker] DEBUG org.springframework.test.context.support.TestPropertySourceUtils - Adding inlined properties to environment: {spring.jmx.enabled=false, org.springframework.boot.test.context.SpringBootTestContextBootstrapper=true}

  .   ____          _            __ _ _
 /\\ / ___'_ __ _ _(_)_ __  __ _ \ \ \ \
( ( )\___ | '_ | '_| | '_ \/ _` | \ \ \ \
 \\/  ___)| |_)| | | | | || (_| |  ) ) ) )
  '  |____| .__|_| |_|_| |_\__, | / / / /
 =========|_|==============|___/=/_/_/_/
 :: Spring Boot ::                (v2.5.4)

2021-09-18 18:25:46.967  INFO 9086 --- [    Test worker] c.g.n.packager.PackagerApplicationTests  : Starting PackagerApplicationTests using Java 11.0.2 on early-2019-namo with PID 9086 (started by namo in /Users/namo/Documents/GitHub/red-week-tableware/packager)
2021-09-18 18:25:46.968  INFO 9086 --- [    Test worker] c.g.n.packager.PackagerApplicationTests  : No active profile set, falling back to default profiles: default
2021-09-18 18:25:47.764  INFO 9086 --- [    Test worker] c.g.n.packager.PackagerApplicationTests  : Started PackagerApplicationTests in 0.959 seconds (JVM running for 1.661)
]]></system-out>
  <system-err><![CDATA[]]></system-err>
</testsuite>
